<?xml version="1.0" encoding="UTF-8"?>
<testsuite xmlns:xsi="http://www.w3.org/2001/XMLSchema-instance" xsi:noNamespaceSchemaLocation="https://maven.apache.org/surefire/maven-surefire-plugin/xsd/surefire-test-report-3.0.xsd" version="3.0" name="com.revature.tests.EmployeeServiceTests" time="0.541" tests="13" errors="0" skipped="0" failures="0">
  <properties>
    <property name="java.specification.version" value="18"/>
    <property name="sun.jnu.encoding" value="UTF-8"/>
    <property name="java.class.path" value="/Users/xin/Downloads/Revature/Spring_Tool/Project/ESA_Project/Employee-Reimbursment-System-Team-2/target/test-classes:/Users/xin/Downloads/Revature/Spring_Tool/Project/ESA_Project/Employee-Reimbursment-System-Team-2/target/classes:/Users/xin/.m2/repository/javax/servlet/javax.servlet-api/3.1.0/javax.servlet-api-3.1.0.jar:/Users/xin/.m2/repository/com/fasterxml/jackson/core/jackson-databind/2.8.9/jackson-databind-2.8.9.jar:/Users/xin/.m2/repository/com/fasterxml/jackson/core/jackson-annotations/2.8.0/jackson-annotations-2.8.0.jar:/Users/xin/.m2/repository/com/fasterxml/jackson/core/jackson-core/2.8.9/jackson-core-2.8.9.jar:/Users/xin/.m2/repository/com/google/code/gson/gson/2.8.5/gson-2.8.5.jar:/Users/xin/.m2/repository/org/hibernate/hibernate-core/5.4.32.Final/hibernate-core-5.4.32.Final.jar:/Users/xin/.m2/repository/org/jboss/logging/jboss-logging/3.4.1.Final/jboss-logging-3.4.1.Final.jar:/Users/xin/.m2/repository/javax/persistence/javax.persistence-api/2.2/javax.persistence-api-2.2.jar:/Users/xin/.m2/repository/org/javassist/javassist/3.27.0-GA/javassist-3.27.0-GA.jar:/Users/xin/.m2/repository/net/bytebuddy/byte-buddy/1.10.22/byte-buddy-1.10.22.jar:/Users/xin/.m2/repository/antlr/antlr/2.7.7/antlr-2.7.7.jar:/Users/xin/.m2/repository/org/jboss/spec/javax/transaction/jboss-transaction-api_1.2_spec/1.1.1.Final/jboss-transaction-api_1.2_spec-1.1.1.Final.jar:/Users/xin/.m2/repository/org/jboss/jandex/2.2.3.Final/jandex-2.2.3.Final.jar:/Users/xin/.m2/repository/com/fasterxml/classmate/1.5.1/classmate-1.5.1.jar:/Users/xin/.m2/repository/javax/activation/javax.activation-api/1.2.0/javax.activation-api-1.2.0.jar:/Users/xin/.m2/repository/org/dom4j/dom4j/2.1.3/dom4j-2.1.3.jar:/Users/xin/.m2/repository/org/hibernate/common/hibernate-commons-annotations/5.1.2.Final/hibernate-commons-annotations-5.1.2.Final.jar:/Users/xin/.m2/repository/javax/xml/bind/jaxb-api/2.3.1/jaxb-api-2.3.1.jar:/Users/xin/.m2/repository/org/glassfish/jaxb/jaxb-runtime/2.3.1/jaxb-runtime-2.3.1.jar:/Users/xin/.m2/repository/org/glassfish/jaxb/txw2/2.3.1/txw2-2.3.1.jar:/Users/xin/.m2/repository/com/sun/istack/istack-commons-runtime/3.0.7/istack-commons-runtime-3.0.7.jar:/Users/xin/.m2/repository/org/jvnet/staxex/stax-ex/1.8/stax-ex-1.8.jar:/Users/xin/.m2/repository/com/sun/xml/fastinfoset/FastInfoset/1.2.15/FastInfoset-1.2.15.jar:/Users/xin/.m2/repository/org/postgresql/postgresql/42.2.5/postgresql-42.2.5.jar:/Users/xin/.m2/repository/junit/junit/4.12/junit-4.12.jar:/Users/xin/.m2/repository/org/hamcrest/hamcrest-core/1.3/hamcrest-core-1.3.jar:/Users/xin/.m2/repository/org/mockito/mockito-core/4.1.0/mockito-core-4.1.0.jar:/Users/xin/.m2/repository/net/bytebuddy/byte-buddy-agent/1.12.1/byte-buddy-agent-1.12.1.jar:/Users/xin/.m2/repository/org/objenesis/objenesis/3.2/objenesis-3.2.jar:/Users/xin/.m2/repository/com/sun/mail/javax.mail/1.6.2/javax.mail-1.6.2.jar:/Users/xin/.m2/repository/javax/activation/activation/1.1/activation-1.1.jar:"/>
    <property name="java.vm.vendor" value="Homebrew"/>
    <property name="sun.arch.data.model" value="64"/>
    <property name="java.vendor.url" value="https://github.com/Homebrew/homebrew-core/issues"/>
    <property name="user.timezone" value="America/New_York"/>
    <property name="os.name" value="Mac OS X"/>
    <property name="java.vm.specification.version" value="18"/>
    <property name="sun.java.launcher" value="SUN_STANDARD"/>
    <property name="user.country" value="US"/>
    <property name="sun.boot.library.path" value="/opt/homebrew/Cellar/openjdk/18.0.1/libexec/openjdk.jdk/Contents/Home/lib"/>
    <property name="sun.java.command" value="/Users/xin/Downloads/Revature/Spring_Tool/Project/ESA_Project/Employee-Reimbursment-System-Team-2/target/surefire/surefirebooter18329532642016824828.jar /Users/xin/Downloads/Revature/Spring_Tool/Project/ESA_Project/Employee-Reimbursment-System-Team-2/target/surefire 2022-07-05T05-14-22_996-jvmRun1 surefire3194166890291708937tmp surefire_016879096399604238604tmp"/>
    <property name="http.nonProxyHosts" value="local|*.local|169.254/16|*.169.254/16"/>
    <property name="jdk.debug" value="release"/>
    <property name="surefire.test.class.path" value="/Users/xin/Downloads/Revature/Spring_Tool/Project/ESA_Project/Employee-Reimbursment-System-Team-2/target/test-classes:/Users/xin/Downloads/Revature/Spring_Tool/Project/ESA_Project/Employee-Reimbursment-System-Team-2/target/classes:/Users/xin/.m2/repository/javax/servlet/javax.servlet-api/3.1.0/javax.servlet-api-3.1.0.jar:/Users/xin/.m2/repository/com/fasterxml/jackson/core/jackson-databind/2.8.9/jackson-databind-2.8.9.jar:/Users/xin/.m2/repository/com/fasterxml/jackson/core/jackson-annotations/2.8.0/jackson-annotations-2.8.0.jar:/Users/xin/.m2/repository/com/fasterxml/jackson/core/jackson-core/2.8.9/jackson-core-2.8.9.jar:/Users/xin/.m2/repository/com/google/code/gson/gson/2.8.5/gson-2.8.5.jar:/Users/xin/.m2/repository/org/hibernate/hibernate-core/5.4.32.Final/hibernate-core-5.4.32.Final.jar:/Users/xin/.m2/repository/org/jboss/logging/jboss-logging/3.4.1.Final/jboss-logging-3.4.1.Final.jar:/Users/xin/.m2/repository/javax/persistence/javax.persistence-api/2.2/javax.persistence-api-2.2.jar:/Users/xin/.m2/repository/org/javassist/javassist/3.27.0-GA/javassist-3.27.0-GA.jar:/Users/xin/.m2/repository/net/bytebuddy/byte-buddy/1.10.22/byte-buddy-1.10.22.jar:/Users/xin/.m2/repository/antlr/antlr/2.7.7/antlr-2.7.7.jar:/Users/xin/.m2/repository/org/jboss/spec/javax/transaction/jboss-transaction-api_1.2_spec/1.1.1.Final/jboss-transaction-api_1.2_spec-1.1.1.Final.jar:/Users/xin/.m2/repository/org/jboss/jandex/2.2.3.Final/jandex-2.2.3.Final.jar:/Users/xin/.m2/repository/com/fasterxml/classmate/1.5.1/classmate-1.5.1.jar:/Users/xin/.m2/repository/javax/activation/javax.activation-api/1.2.0/javax.activation-api-1.2.0.jar:/Users/xin/.m2/repository/org/dom4j/dom4j/2.1.3/dom4j-2.1.3.jar:/Users/xin/.m2/repository/org/hibernate/common/hibernate-commons-annotations/5.1.2.Final/hibernate-commons-annotations-5.1.2.Final.jar:/Users/xin/.m2/repository/javax/xml/bind/jaxb-api/2.3.1/jaxb-api-2.3.1.jar:/Users/xin/.m2/repository/org/glassfish/jaxb/jaxb-runtime/2.3.1/jaxb-runtime-2.3.1.jar:/Users/xin/.m2/repository/org/glassfish/jaxb/txw2/2.3.1/txw2-2.3.1.jar:/Users/xin/.m2/repository/com/sun/istack/istack-commons-runtime/3.0.7/istack-commons-runtime-3.0.7.jar:/Users/xin/.m2/repository/org/jvnet/staxex/stax-ex/1.8/stax-ex-1.8.jar:/Users/xin/.m2/repository/com/sun/xml/fastinfoset/FastInfoset/1.2.15/FastInfoset-1.2.15.jar:/Users/xin/.m2/repository/org/postgresql/postgresql/42.2.5/postgresql-42.2.5.jar:/Users/xin/.m2/repository/junit/junit/4.12/junit-4.12.jar:/Users/xin/.m2/repository/org/hamcrest/hamcrest-core/1.3/hamcrest-core-1.3.jar:/Users/xin/.m2/repository/org/mockito/mockito-core/4.1.0/mockito-core-4.1.0.jar:/Users/xin/.m2/repository/net/bytebuddy/byte-buddy-agent/1.12.1/byte-buddy-agent-1.12.1.jar:/Users/xin/.m2/repository/org/objenesis/objenesis/3.2/objenesis-3.2.jar:/Users/xin/.m2/repository/com/sun/mail/javax.mail/1.6.2/javax.mail-1.6.2.jar:/Users/xin/.m2/repository/javax/activation/activation/1.1/activation-1.1.jar:"/>
    <property name="sun.cpu.endian" value="little"/>
    <property name="user.home" value="/Users/xin"/>
    <property name="user.language" value="en"/>
    <property name="java.specification.vendor" value="Oracle Corporation"/>
    <property name="java.version.date" value="2022-04-19"/>
    <property name="java.home" value="/opt/homebrew/Cellar/openjdk/18.0.1/libexec/openjdk.jdk/Contents/Home"/>
    <property name="file.separator" value="/"/>
    <property name="basedir" value="/Users/xin/Downloads/Revature/Spring_Tool/Project/ESA_Project/Employee-Reimbursment-System-Team-2"/>
    <property name="java.vm.compressedOopsMode" value="Zero based"/>
    <property name="line.separator" value="&#10;"/>
    <property name="java.vm.specification.vendor" value="Oracle Corporation"/>
    <property name="java.specification.name" value="Java Platform API Specification"/>
    <property name="apple.awt.application.name" value="ForkedBooter"/>
    <property name="surefire.real.class.path" value="/Users/xin/Downloads/Revature/Spring_Tool/Project/ESA_Project/Employee-Reimbursment-System-Team-2/target/surefire/surefirebooter18329532642016824828.jar"/>
    <property name="sun.management.compiler" value="HotSpot 64-Bit Tiered Compilers"/>
    <property name="ftp.nonProxyHosts" value="local|*.local|169.254/16|*.169.254/16"/>
    <property name="java.runtime.version" value="18.0.1+0"/>
    <property name="user.name" value="xin"/>
    <property name="path.separator" value=":"/>
    <property name="os.version" value="12.0.1"/>
    <property name="java.runtime.name" value="OpenJDK Runtime Environment"/>
    <property name="file.encoding" value="UTF-8"/>
    <property name="java.vm.name" value="OpenJDK 64-Bit Server VM"/>
    <property name="java.vendor.version" value="Homebrew"/>
    <property name="localRepository" value="/Users/xin/.m2/repository"/>
    <property name="java.vendor.url.bug" value="https://github.com/Homebrew/homebrew-core/issues"/>
    <property name="java.io.tmpdir" value="/var/folders/ks/g2159n7x159d3cpvjvhq70d40000gn/T/"/>
    <property name="java.version" value="18.0.1"/>
    <property name="user.dir" value="/Users/xin/Downloads/Revature/Spring_Tool/Project/ESA_Project/Employee-Reimbursment-System-Team-2"/>
    <property name="os.arch" value="aarch64"/>
    <property name="java.vm.specification.name" value="Java Virtual Machine Specification"/>
    <property name="native.encoding" value="UTF-8"/>
    <property name="java.library.path" value="/Users/xin/Library/Java/Extensions:/Library/Java/Extensions:/Network/Library/Java/Extensions:/System/Library/Java/Extensions:/usr/lib/java:."/>
    <property name="java.vm.info" value="mixed mode, sharing"/>
    <property name="java.vendor" value="Homebrew"/>
    <property name="java.vm.version" value="18.0.1+0"/>
    <property name="sun.io.unicode.encoding" value="UnicodeBig"/>
    <property name="socksNonProxyHosts" value="local|*.local|169.254/16|*.169.254/16"/>
    <property name="java.class.version" value="62.0"/>
  </properties>
  <testcase name="testConfirmLogin_WhenPasswordIsIncorrect_returnEmptyObj" classname="com.revature.tests.EmployeeServiceTests" time="0.527"/>
  <testcase name="testgetInfo_WhenEmpWithId20inDB_returnEmpWithId20" classname="com.revature.tests.EmployeeServiceTests" time="0.001"/>
  <testcase name="testGetAll_WhenTwoEmpInDB_return2Emp" classname="com.revature.tests.EmployeeServiceTests" time="0"/>
  <testcase name="testgetResolvedReimbursementRequest_WhenOnlyOneRtWithStatusApproved_returnRtWithId2" classname="com.revature.tests.EmployeeServiceTests" time="0.002"/>
  <testcase name="testConfirmLogin_WhenUsernameAndPasswordMathch_returnEmp" classname="com.revature.tests.EmployeeServiceTests" time="0"/>
  <testcase name="testgetPendingReimbursementRequest_When1RtWithStatusPending_return1Rt" classname="com.revature.tests.EmployeeServiceTests" time="0.001"/>
  <testcase name="testgetPendingReimbursementRequest_When2RtWithStatusPending_return2Rt" classname="com.revature.tests.EmployeeServiceTests" time="0.001"/>
  <testcase name="testRegister_WhenNullEmpTryToRegister_return0" classname="com.revature.tests.EmployeeServiceTests" time="0"/>
  <testcase name="testRegister_WhenValidEmpTryToRegister_returnId" classname="com.revature.tests.EmployeeServiceTests" time="0"/>
  <testcase name="testgetResolvedReimbursementRequest_When2RtWithResolvedRequest_return2Rt" classname="com.revature.tests.EmployeeServiceTests" time="0"/>
  <testcase name="testupdateInfo_WhenEmpWithId20InDB_returnTrue" classname="com.revature.tests.EmployeeServiceTests" time="0"/>
  <testcase name="testgetInfo_WhenNoOneInDB_returnEmptyEmpObj" classname="com.revature.tests.EmployeeServiceTests" time="0.001"/>
  <testcase name="testGetAll_WhenNoUserInDB_returnEmptyObj" classname="com.revature.tests.EmployeeServiceTests" time="0"/>
</testsuite>